<?xml version="1.0" encoding="UTF-8"?>
<!-- Generated by org.testng.reporters.JUnitReportReporter -->
<testsuite hostname="DESKTOP-KU0MUL7" failures="0" tests="2" name="jd1test.jdTestClass" time="147.491" errors="0" timestamp="2023-05-26T13:59:59 IST" skipped="0">
  <testcase classname="jd1test.jdTestClass" name="test" time="71.633"/>
  <system-out/>
  <testcase classname="jd1test.jdTestClass" name="test1" time="75.858"/>
  <system-out/>
</testsuite> <!-- jd1test.jdTestClass -->
