<?xml version="1.0" encoding="UTF-8"?>
<!-- Generated by org.testng.reporters.JUnitReportReporter -->
<testsuite hostname="DESKTOP-KU0MUL7" failures="0" tests="7" name="Extest.TestClass" time="253.213" errors="0" timestamp="2023-05-27T13:15:57 IST" skipped="1">
  <testcase classname="Extest.TestClass" name="test01" time="51.050"/>
  <system-out/>
  <testcase classname="Extest.TestClass" name="test02" time="39.031"/>
  <system-out/>
  <testcase classname="Extest.TestClass" name="test03" time="59.749"/>
  <system-out/>
  <testcase classname="Extest.TestClass" name="test04" time="29.241"/>
  <system-out/>
  <testcase classname="Extest.TestClass" name="changeLang" time="59.605"/>
  <system-out/>
  <testcase classname="Extest.TestClass" name="closeSwipeApp" time="14.537"/>
  <system-out/>
  <testcase classname="Extest.TestClass" name="contextSwitch">
    <skipped/>
  </testcase> <!-- contextSwitch -->
  <system-out/>
</testsuite> <!-- Extest.TestClass -->
