<?xml version="1.0" encoding="UTF-8"?>
<!-- Generated by org.testng.reporters.JUnitReportReporter -->
<testsuite hostname="DESKTOP-KU0MUL7" failures="0" tests="2" name="jd1test.jdTestClass" time="141.964" errors="0" timestamp="2023-05-27T10:47:44 IST" skipped="0">
  <testcase classname="jd1test.jdTestClass" name="test" time="67.698"/>
  <system-out/>
  <testcase classname="jd1test.jdTestClass" name="test1" time="74.266"/>
  <system-out/>
</testsuite> <!-- jd1test.jdTestClass -->
